<?xml version="1.0" encoding="UTF-8"?>
<coverage generated="1680617204115" clover="3.2.0">
  <project timestamp="1680617204115" name="All files">
    <metrics statements="9" coveredstatements="8" conditionals="4" coveredconditionals="3" methods="2" coveredmethods="2" elements="15" coveredelements="13" complexity="0" loc="9" ncloc="9" packages="1" files="2" classes="2"/>
    <file name="test1.js" path="C:\Users\Administrator\OneDrive\Desktop\Microverse\JS-Testing-Practice\test1.js">
      <metrics statements="7" coveredstatements="6" conditionals="4" coveredconditionals="3" methods="1" coveredmethods="1"/>
      <line num="2" count="1" type="stmt"/>
      <line num="4" count="1" type="stmt"/>
      <line num="5" count="6" type="cond" truecount="3" falsecount="1"/>
      <line num="6" count="6" type="stmt"/>
      <line num="8" count="0" type="stmt"/>
      <line num="11" count="1" type="stmt"/>
      <line num="14" count="1" type="stmt"/>
    </file>
    <file name="test2.js" path="C:\Users\Administrator\OneDrive\Desktop\Microverse\JS-Testing-Practice\test2.js">
      <metrics statements="2" coveredstatements="2" conditionals="0" coveredconditionals="0" methods="1" coveredmethods="1"/>
      <line num="2" count="1" type="stmt"/>
      <line num="5" count="1" type="stmt"/>
    </file>
  </project>
</coverage>
