{"C:\\Users\\Administrator\\OneDrive\\Desktop\\Microverse\\JS-Testing-Practice\\test1.js": {"path":"C:\\Users\\Administrator\\OneDrive\\Desktop\\Microverse\\JS-Testing-Practice\\test1.js","statementMap":{"0":{"start":{"line":2,"column":14},"end":{"line":2,"column":15}},"1":{"start":{"line":4,"column":2},"end":{"line":10,"column":3}},"2":{"start":{"line":4,"column":14},"end":{"line":4,"column":15}},"3":{"start":{"line":5,"column":4},"end":{"line":9,"column":5}},"4":{"start":{"line":6,"column":6},"end":{"line":6,"column":14}},"5":{"start":{"line":8,"column":6},"end":{"line":8,"column":49}},"6":{"start":{"line":11,"column":2},"end":{"line":11,"column":14}},"7":{"start":{"line":14,"column":0},"end":{"line":14,"column":30}}},"fnMap":{"0":{"name":"stringLength","decl":{"start":{"line":1,"column":11},"end":{"line":1,"column":23}},"loc":{"start":{"line":1,"column":31},"end":{"line":12,"column":1}},"line":1}},"branchMap":{"0":{"loc":{"start":{"line":5,"column":4},"end":{"line":9,"column":5}},"type":"if","locations":[{"start":{"line":5,"column":4},"end":{"line":9,"column":5}},{"start":{"line":7,"column":11},"end":{"line":9,"column":5}}],"line":5},"1":{"loc":{"start":{"line":5,"column":7},"end":{"line":5,"column":47}},"type":"binary-expr","locations":[{"start":{"line":5,"column":7},"end":{"line":5,"column":24}},{"start":{"line":5,"column":28},"end":{"line":5,"column":47}}],"line":5}},"s":{"0":1,"1":1,"2":1,"3":6,"4":6,"5":0,"6":1,"7":1},"f":{"0":1},"b":{"0":[6,0],"1":[6,6]},"_coverageSchema":"1a1c01bbd47fc00a2c39e90264f33305004495a9","hash":"754b0e8280926f365d17997be430ac71f17c1862"}
,"C:\\Users\\Administrator\\OneDrive\\Desktop\\Microverse\\JS-Testing-Practice\\test2.js": {"path":"C:\\Users\\Administrator\\OneDrive\\Desktop\\Microverse\\JS-Testing-Practice\\test2.js","statementMap":{"0":{"start":{"line":2,"column":2},"end":{"line":2,"column":44}},"1":{"start":{"line":5,"column":0},"end":{"line":5,"column":32}}},"fnMap":{"0":{"name":"reversedString","decl":{"start":{"line":1,"column":9},"end":{"line":1,"column":23}},"loc":{"start":{"line":1,"column":32},"end":{"line":3,"column":1}},"line":1}},"branchMap":{},"s":{"0":1,"1":1},"f":{"0":1},"b":{},"_coverageSchema":"1a1c01bbd47fc00a2c39e90264f33305004495a9","hash":"3ae28ebb8a09c82bf29c7182cb99068f07048e00"}
}
