TN:
SF:test1.js
FN:1,stringLength
FNF:1
FNH:1
FNDA:1,stringLength
DA:2,1
DA:4,1
DA:5,6
DA:6,6
DA:8,0
DA:11,1
DA:14,1
LF:7
LH:6
BRDA:5,0,0,6
BRDA:5,0,1,0
BRDA:5,1,0,6
BRDA:5,1,1,6
BRF:4
BRH:3
end_of_record
TN:
SF:test2.js
FN:1,reversedString
FNF:1
FNH:1
FNDA:1,reversedString
DA:2,1
DA:5,1
LF:2
LH:2
BRF:0
BRH:0
end_of_record
TN:
SF:test3.js
FN:4,(anonymous_0)
FN:9,(anonymous_1)
FN:11,(anonymous_2)
FN:13,(anonymous_3)
FN:15,(anonymous_4)
FNF:5
FNH:5
FNDA:12,(anonymous_0)
FNDA:3,(anonymous_1)
FNDA:3,(anonymous_2)
FNDA:3,(anonymous_3)
FNDA:3,(anonymous_4)
DA:5,12
DA:6,12
DA:9,12
DA:11,12
DA:13,12
DA:15,12
DA:16,3
DA:17,0
DA:19,3
DA:23,1
LF:10
LH:9
BRDA:16,0,0,0
BRDA:16,0,1,3
BRF:2
BRH:1
end_of_record
TN:
SF:test4.js
FN:1,(anonymous_0)
FNF:1
FNH:1
FNDA:1,(anonymous_0)
DA:1,1
DA:2,1
DA:5,1
LF:3
LH:3
BRF:0
BRH:0
end_of_record
